<?xml version="1.0" encoding="UTF-8"?>
<!-- Generated by org.testng.reporters.JUnitReportReporter -->
<testsuite skipped="0" hostname="Dell" name="pack.ZerodhaLoginTest" tests="1" failures="0" timestamp="2021-01-14T14:02:56 IST" time="27.910" errors="0">
  <testcase name="buyShare" time="27.910" classname="pack.ZerodhaLoginTest"/>
  <system-out/>
</testsuite> <!-- pack.ZerodhaLoginTest -->
